{
  "type": "project",
  "input": {
    "type": "join",
    "input": [
      {
        "termType": "Quad",
        "value": "",
        "subject": {
          "termType": "NamedNode",
          "value": "http://localhost:3000/pods/00000000000000000065/comments/2012-08-10#1030792474633"
        },
        "predicate": {
          "termType": "NamedNode",
          "value": "http://localhost:3000/www.ldbc.eu/ldbc_socialnet/1.0/vocabulary/isLocatedIn"
        },
        "object": {
          "termType": "Variable",
          "value": "location"
        },
        "graph": {
          "termType": "DefaultGraph",
          "value": ""
        },
        "type": "pattern",
        "metadata": {
          "scopedSource": "QuerySourceHypermedia(http://localhost:3000/pods/00000000000000000065/comments/2012-08-10)(SkolemID:0)"
        }
      },
      {
        "termType": "Quad",
        "value": "",
        "subject": {
          "termType": "Variable",
          "value": "location"
        },
        "predicate": {
          "termType": "NamedNode",
          "value": "http://xmlns.com/foaf/0.1/name"
        },
        "object": {
          "termType": "Variable",
          "value": "locationName"
        },
        "graph": {
          "termType": "DefaultGraph",
          "value": ""
        },
        "type": "pattern",
        "metadata": {
          "scopedSource": "QuerySourceHypermedia(http://localhost:3030/sparql)(SkolemID:1)"
        }
      }
    ]
  },
  "variables": [
    {
      "termType": "Variable",
      "value": "location"
    },
    {
      "termType": "Variable",
      "value": "locationName"
    }
  ]
}
